2021-12-04 14:37:44,904 INFO o.a.j.u.JMeterUtils: Setting Locale to fr_CH
2021-12-04 14:37:44,935 INFO o.a.j.u.JMeterUtils: Could not find resources for 'fr_CH', using 'fr'
2021-12-04 14:37:44,936 INFO o.a.j.JMeter: Loading user properties from: user.properties
2021-12-04 14:37:44,937 INFO o.a.j.JMeter: Loading system properties from: system.properties
2021-12-04 14:37:44,947 INFO o.a.j.JMeter: Copyright (c) 1998-2021 The Apache Software Foundation
2021-12-04 14:37:44,948 INFO o.a.j.JMeter: Version 5.4.1
2021-12-04 14:37:44,948 INFO o.a.j.JMeter: java.version=11.0.13
2021-12-04 14:37:44,948 INFO o.a.j.JMeter: java.vm.name=OpenJDK 64-Bit Server VM
2021-12-04 14:37:44,948 INFO o.a.j.JMeter: os.name=Windows 10
2021-12-04 14:37:44,948 INFO o.a.j.JMeter: os.arch=amd64
2021-12-04 14:37:44,948 INFO o.a.j.JMeter: os.version=10.0
2021-12-04 14:37:44,948 INFO o.a.j.JMeter: file.encoding=Cp1252
2021-12-04 14:37:44,948 INFO o.a.j.JMeter: java.awt.headless=null
2021-12-04 14:37:44,948 INFO o.a.j.JMeter: Max memory     =2118123520
2021-12-04 14:37:44,948 INFO o.a.j.JMeter: Available Processors =8
2021-12-04 14:37:44,958 INFO o.a.j.JMeter: Default Locale=français (Suisse)
2021-12-04 14:37:44,958 INFO o.a.j.JMeter: JMeter  Locale=français (Suisse)
2021-12-04 14:37:44,958 INFO o.a.j.JMeter: JMeterHome=C:\Users\laure\Documents\GitHub\AMT_1\labo2.1\apache-jmeter-5.4.1
2021-12-04 14:37:44,958 INFO o.a.j.JMeter: user.dir  =C:\Users\laure\Documents\GitHub\AMT_1\labo2.1\apache-jmeter-5.4.1\bin
2021-12-04 14:37:44,959 INFO o.a.j.JMeter: PWD       =C:\Users\laure\Documents\GitHub\AMT_1\labo2.1\apache-jmeter-5.4.1\bin
2021-12-04 14:37:44,960 INFO o.a.j.JMeter: IP: 172.30.144.1 Name: borrowbook FullName: borrowbook.mshome.net
2021-12-04 14:37:45,114 INFO o.a.j.JMeter: Setting LAF to: com.github.weisj.darklaf.DarkLaf:com.github.weisj.darklaf.theme.DarculaTheme
2021-12-04 14:37:45,589 INFO o.a.j.JMeter: Loaded icon properties from org/apache/jmeter/images/icon.properties
